\BOOKMARK [0][-]{chapter.1}{\376\377\145\160\133\146}{}% 1
\BOOKMARK [1][-]{section.1.1}{\376\377\0000\000-\0002\0000\166\204\226\066\116\130}{chapter.1}% 2
\BOOKMARK [1][-]{section.1.2}{\376\377\225\031\143\222\121\154\137\017}{chapter.1}% 3
\BOOKMARK [1][-]{section.1.3}{\376\377\147\000\134\017\121\154\120\015\145\160\000l\000c\000m\000\050\000a\000,\000b\000\051\000\040\000\046\000\046\000\040\147\000\131\047\121\154\176\246\145\160\000g\000c\000d\000\050\000a\000,\000b\000\051}{chapter.1}% 4
\BOOKMARK [1][-]{section.1.4}{\376\377\153\315\121\375\145\160}{chapter.1}% 5
\BOOKMARK [1][-]{section.1.5}{\376\377\122\250\140\001\211\304\122\022}{chapter.1}% 6
\BOOKMARK [2][-]{subsection.1.5.1}{\376\377\147\000\225\177\121\154\121\161\133\120\136\217\122\027}{section.1.5}% 7
\BOOKMARK [2][-]{subsection.1.5.2}{\376\377\147\000\225\177\116\012\123\107\133\120\136\217\122\027}{section.1.5}% 8
\BOOKMARK [1][-]{section.1.6}{\376\377\232\330\174\276\136\246}{chapter.1}% 9
\BOOKMARK [2][-]{subsection.1.6.1}{\376\377\122\240\154\325\000\046\000\046\116\130\154\325}{section.1.6}% 10
\BOOKMARK [0][-]{chapter.2}{\376\377\213\241\173\227\121\340\117\125}{}% 11
\BOOKMARK [1][-]{section.2.1}{\376\377\160\271}{chapter.2}% 12
\BOOKMARK [0][-]{chapter.3}{\376\377\176\304\124\010\123\132\137\010}{}% 13
\BOOKMARK [1][-]{section.3.1}{\376\377\000S\000G\121\375\145\160\000\040\000\046\000\046\000\040\000N\000I\000M\156\070\142\017}{chapter.3}% 14
\BOOKMARK [2][-]{subsection.3.1.1}{\376\377\142\123\210\150}{section.3.1}% 15
\BOOKMARK [2][-]{subsection.3.1.2}{\376\377\220\022\137\122}{section.3.1}% 16
\BOOKMARK [0][-]{chapter.4}{\376\377\145\160\143\156\176\323\147\204}{}% 17
\BOOKMARK [1][-]{section.4.1}{\376\377\116\214\123\311\144\034\175\042\150\021}{chapter.4}% 18
\BOOKMARK [1][-]{section.4.2}{\376\377\136\166\147\345\226\306}{chapter.4}% 19
\BOOKMARK [0][-]{chapter.5}{\376\377\126\376}{}% 20
\BOOKMARK [1][-]{section.5.1}{\376\377\220\273\143\245\210\150}{chapter.5}% 21
\BOOKMARK [2][-]{subsection.5.1.1}{\376\377\150\067\117\213\0001}{section.5.1}% 22
\BOOKMARK [2][-]{subsection.5.1.2}{\376\377\150\067\117\213\0002}{section.5.1}% 23
\BOOKMARK [1][-]{section.5.2}{\376\377\123\125\156\220\147\000\167\355\215\357}{chapter.5}% 24
\BOOKMARK [2][-]{subsection.5.2.1}{\376\377\000B\000e\000l\000l\000m\000a\000n\000-\000F\000o\000r\000d\173\227\154\325\000O\000\050\000V\000*\000E\000\051}{section.5.2}% 25
\BOOKMARK [2][-]{subsection.5.2.2}{\376\377\000D\000i\000j\000k\000s\000t\000r\000a\173\227\154\325}{section.5.2}% 26
\BOOKMARK [1][-]{section.5.3}{\376\377\116\373\141\017\116\044\160\271\225\364\166\204\147\000\167\355\215\357}{chapter.5}% 27
